app/src/main/lib/sweetblue/samples/simple_write/android_studio/app/build/outputs/mapping/release/seeds.txt
com.idevicesinc.sweetblue.simple_write.MyActivity
com.idevicesinc.sweetblue.simple_write.MyActivity: MyActivity()
com.idevicesinc.sweetblue.simple_write.R$dimen: int activity_horizontal_margin
com.idevicesinc.sweetblue.simple_write.R$dimen: int activity_vertical_margin
com.idevicesinc.sweetblue.simple_write.R$drawable: int ic_launcher
com.idevicesinc.sweetblue.simple_write.R$id: int action_settings
com.idevicesinc.sweetblue.simple_write.R$menu: int my
com.idevicesinc.sweetblue.simple_write.R$string: int action_settings
com.idevicesinc.sweetblue.simple_write.R$string: int app_name
com.idevicesinc.sweetblue.simple_write.R$string: int hello_world
com.idevicesinc.sweetblue.simple_write.R$style: int AppBaseTheme
com.idevicesinc.sweetblue.simple_write.R$style: int AppTheme
...
com.idevicesinc.sweetblue.BleCharacteristicProperty: com.idevicesinc.sweetblue.BleCharacteristicProperty[] values()
com.idevicesinc.sweetblue.BleCharacteristicProperty: com.idevicesinc.sweetblue.BleCharacteristicProperty valueOf(java.lang.String)
com.idevicesinc.sweetblue.BleConnectionPriority: com.idevicesinc.sweetblue.BleConnectionPriority[] values()
com.idevicesinc.sweetblue.BleConnectionPriority: com.idevicesinc.sweetblue.BleConnectionPriority valueOf(java.lang.String)
com.idevicesinc.sweetblue.BleDescriptorPermission: com.idevicesinc.sweetblue.BleDescriptorPermission[] values()
com.idevicesinc.sweetblue.BleDescriptorPermission: com.idevicesinc.sweetblue.BleDescriptorPermission valueOf(java.lang.String)
com.idevicesinc.sweetblue.BleDevice$BondListener$Status: com.idevicesinc.sweetblue.BleDevice$BondListener$Status[] values()
com.idevicesinc.sweetblue.BleDevice$BondListener$Status: com.idevicesinc.sweetblue.BleDevice$BondListener$Status valueOf(java.lang.String)
com.idevicesinc.sweetblue.BleDevice$ConnectionFailListener$Status: com.idevicesinc.sweetblue.BleDevice$ConnectionFailListener$Status[] values()
com.idevicesinc.sweetblue.BleDevice$ConnectionFailListener$Status: com.idevicesinc.sweetblue.BleDevice$ConnectionFailListener$Status valueOf(java.lang.String)
com.idevicesinc.sweetblue.BleDevice$ConnectionFailListener$Timing: com.idevicesinc.sweetblue.BleDevice$ConnectionFailListener$Timing[] values()
com.idevicesinc.sweetblue.BleDevice$ConnectionFailListener$Timing: com.idevicesinc.sweetblue.BleDevice$ConnectionFailListener$Timing valueOf(java.lang.String)
com.idevicesinc.sweetblue.BleDevice$ReadWriteListener$Status: com.idevicesinc.sweetblue.BleDevice$ReadWriteListener$Status[] values()
com.idevicesinc.sweetblue.BleDevice$ReadWriteListener$Status: com.idevicesinc.sweetblue.BleDevice$ReadWriteListener$Status valueOf(java.lang.String)
com.idevicesinc.sweetblue.BleDevice$ReadWriteListener$Target: com.idevicesinc.sweetblue.BleDevice$ReadWriteListener$Target[] values()
com.idevicesinc.sweetblue.BleDevice$ReadWriteListener$Target: com.idevicesinc.sweetblue.BleDevice$ReadWriteListener$Target valueOf(java.lang.String)
com.idevicesinc.sweetblue.BleDevice$ReadWriteListener$Type: com.idevicesinc.sweetblue.BleDevice$ReadWriteListener$Type[] values()
com.idevicesinc.sweetblue.BleDevice$ReadWriteListener$Type: com.idevicesinc.sweetblue.BleDevice$ReadWriteListener$Type valueOf(java.lang.String)
com.idevicesinc.sweetblue.BleDeviceConfig$BondFilter$CharacteristicEventType: com.idevicesinc.sweetblue.BleDeviceConfig$BondFilter$CharacteristicEventType[] values()
com.idevicesinc.sweetblue.BleDeviceConfig$BondFilter$CharacteristicEventType: com.idevicesinc.sweetblue.BleDeviceConfig$BondFilter$CharacteristicEventType valueOf(java.lang.String)
com.idevicesinc.sweetblue.BleDeviceOrigin: com.idevicesinc.sweetblue.BleDeviceOrigin[] values()
com.idevicesinc.sweetblue.BleDeviceOrigin: com.idevicesinc.sweetblue.BleDeviceOrigin valueOf(java.lang.String)
com.idevicesinc.sweetblue.BleDeviceState: com.idevicesinc.sweetblue.BleDeviceState[] values()
com.idevicesinc.sweetblue.BleDeviceState: com.idevicesinc.sweetblue.BleDeviceState valueOf(java.lang.String)
com.idevicesinc.sweetblue.BleManager$DiscoveryListener$LifeCycle: com.idevicesinc.sweetblue.BleManager$DiscoveryListener$LifeCycle[] values()
com.idevicesinc.sweetblue.BleManager$DiscoveryListener$LifeCycle: com.idevicesinc.sweetblue.BleManager$DiscoveryListener$LifeCycle valueOf(java.lang.String)
com.idevicesinc.sweetblue.BleManager$ResetListener$Progress: com.idevicesinc.sweetblue.BleManager$ResetListener$Progress[] values()
com.idevicesinc.sweetblue.BleManager$ResetListener$Progress: com.idevicesinc.sweetblue.BleManager$ResetListener$Progress valueOf(java.lang.String)