app/src/main/lib/sweetblue/samples/simple_write/android_studio/app/build/outputs/mapping/release/mapping.txt
com.idevicesinc.sweetblue.simple_write.MyActivity -> com.idevicesinc.sweetblue.simple_write.MyActivity:
    java.util.UUID MY_UUID -> a
    byte[] MY_DATA -> b
    com.idevicesinc.sweetblue.BleManager m_bleManager -> c
    void <init>() -> <init>
    void onCreate(android.os.Bundle) -> onCreate
    void onResume() -> onResume
    void onPause() -> onPause
    com.idevicesinc.sweetblue.BleManager access$000(com.idevicesinc.sweetblue.simple_write.MyActivity) -> a
    java.util.UUID access$100() -> a
    byte[] access$200() -> b
    void <clinit>() -> <clinit>
com.idevicesinc.sweetblue.simple_write.MyActivity$1 -> com.idevicesinc.sweetblue.simple_write.MyActivity$1:
    com.idevicesinc.sweetblue.simple_write.MyActivity this$0 -> a
    void <init>(com.idevicesinc.sweetblue.simple_write.MyActivity) -> <init>
    void onEvent(com.idevicesinc.sweetblue.BleManager$DiscoveryListener$DiscoveryEvent) -> a
    void onEvent(com.idevicesinc.sweetblue.utils.Event) -> a
com.idevicesinc.sweetblue.simple_write.MyActivity$1$1 -> com.idevicesinc.sweetblue.simple_write.MyActivity$1$1:
    com.idevicesinc.sweetblue.simple_write.MyActivity$1 this$1 -> a
    void <init>(com.idevicesinc.sweetblue.simple_write.MyActivity$1) -> <init>
    void onEvent(com.idevicesinc.sweetblue.BleDevice$StateListener$StateEvent) -> a
com.idevicesinc.sweetblue.simple_write.MyActivity$1$1$1 -> com.idevicesinc.sweetblue.simple_write.MyActivity$1$1$1:
    com.idevicesinc.sweetblue.simple_write.MyActivity$1$1 this$2 -> a
    void <init>(com.idevicesinc.sweetblue.simple_write.MyActivity$1$1) -> <init>
    void onEvent(com.idevicesinc.sweetblue.BleDevice$ReadWriteListener$ReadWriteEvent) -> a
    void onEvent(com.idevicesinc.sweetblue.utils.Event) -> a
...
com.idevicesinc.sweetblue.utils.BluetoothEnabler$BluetoothEnablerFilter$Stage -> com.idevicesinc.sweetblue.c.c$a$c:
    com.idevicesinc.sweetblue.utils.BluetoothEnabler$BluetoothEnablerFilter$Stage NULL -> a
    com.idevicesinc.sweetblue.utils.BluetoothEnabler$BluetoothEnablerFilter$Stage START -> b
    com.idevicesinc.sweetblue.utils.BluetoothEnabler$BluetoothEnablerFilter$Stage BLUETOOTH -> c
    com.idevicesinc.sweetblue.utils.BluetoothEnabler$BluetoothEnablerFilter$Stage LOCATION_PERMISSION -> d
    com.idevicesinc.sweetblue.utils.BluetoothEnabler$BluetoothEnablerFilter$Stage LOCATION_SERVICES -> e
    com.idevicesinc.sweetblue.utils.BluetoothEnabler$BluetoothEnablerFilter$Stage[] $VALUES -> f
    com.idevicesinc.sweetblue.utils.BluetoothEnabler$BluetoothEnablerFilter$Stage[] values() -> values
    com.idevicesinc.sweetblue.utils.BluetoothEnabler$BluetoothEnablerFilter$Stage valueOf(java.lang.String) -> valueOf
    void <init>(java.lang.String,int) -> <init>
    com.idevicesinc.sweetblue.utils.BluetoothEnabler$BluetoothEnablerFilter$Stage next() -> b
    boolean isNull() -> N
    boolean isLocationRelated() -> a
    com.idevicesinc.sweetblue.utils.BluetoothEnabler$BluetoothEnablerFilter$Stage access$000(com.idevicesinc.sweetblue.utils.BluetoothEnabler$BluetoothEnablerFilter$Stage) -> a
    void <clinit>() -> <clinit>
com.idevicesinc.sweetblue.utils.BluetoothEnabler$BluetoothEnablerFilter$Status -> com.idevicesinc.sweetblue.c.c$a$d:
    com.idevicesinc.sweetblue.utils.BluetoothEnabler$BluetoothEnablerFilter$Status NULL -> a
    com.idevicesinc.sweetblue.utils.BluetoothEnabler$BluetoothEnablerFilter$Status ALREADY_ENABLED -> b
    com.idevicesinc.sweetblue.utils.BluetoothEnabler$BluetoothEnablerFilter$Status ENABLED -> c
    com.idevicesinc.sweetblue.utils.BluetoothEnabler$BluetoothEnablerFilter$Status NOT_NEEDED -> d
    com.idevicesinc.sweetblue.utils.BluetoothEnabler$BluetoothEnablerFilter$Status CANCELLED_BY_DIALOG -> e
    com.idevicesinc.sweetblue.utils.BluetoothEnabler$BluetoothEnablerFilter$Status CANCELLED_BY_INTENT -> f
    com.idevicesinc.sweetblue.utils.BluetoothEnabler$BluetoothEnablerFilter$Status SKIPPED -> g
    com.idevicesinc.sweetblue.utils.BluetoothEnabler$BluetoothEnablerFilter$Status MANIFEST_PERMISSION_NEEDED -> h
    com.idevicesinc.sweetblue.utils.BluetoothEnabler$BluetoothEnablerFilter$Status STOPPED -> i
    com.idevicesinc.sweetblue.utils.BluetoothEnabler$BluetoothEnablerFilter$Status[] $VALUES -> j
    com.idevicesinc.sweetblue.utils.BluetoothEnabler$BluetoothEnablerFilter$Status[] values() -> values
    com.idevicesinc.sweetblue.utils.BluetoothEnabler$BluetoothEnablerFilter$Status valueOf(java.lang.String) -> valueOf
    void <init>(java.lang.String,int) -> <init>
    boolean isNull() -> N
    boolean isCancelled() -> a
com.idevicesinc.sweetblue.utils.BluetoothEnabler$DefaultBluetoothEnablerFilter -> com.idevicesinc.sweetblue.c.c$b:
    void <init>() -> <init>
    com.idevicesinc.sweetblue.utils.BluetoothEnabler$BluetoothEnablerFilter$Please onEvent(com.idevicesinc.sweetblue.utils.BluetoothEnabler$BluetoothEnablerFilter$BluetoothEnablerEvent) -> a
com.idevicesinc.sweetblue.utils.EmptyIterator -> com.idevicesinc.sweetblue.c.d:
    void <init>() -> <init>
    boolean hasNext() -> hasNext
    java.lang.Object next() -> next
    void remove() -> remove