app/src/main/lib/sweetblue/samples/simple_write/android_studio/app/build/outputs/mapping/release/usage.txt
com.idevicesinc.sweetblue.simple_write.BuildConfig
com.idevicesinc.sweetblue.simple_write.R
com.idevicesinc.sweetblue.simple_write.R$attr
com.idevicesinc.sweetblue.simple_write.R$dimen
com.idevicesinc.sweetblue.simple_write.R$drawable
com.idevicesinc.sweetblue.simple_write.R$id
com.idevicesinc.sweetblue.simple_write.R$menu
com.idevicesinc.sweetblue.simple_write.R$string
com.idevicesinc.sweetblue.simple_write.R$style
...
com.idevicesinc.sweetblue.BleServer$AdvertisingListener$Status
com.idevicesinc.sweetblue.BleServer$ConnectionFailListener$ConnectionFailEvent:
    989:989:public android.bluetooth.BluetoothDevice nativeDevice()
    1010:1010:public com.idevicesinc.sweetblue.BleServer$ConnectionFailListener$ConnectionFailEvent[] history()
    1070:1070:public boolean shouldBeReportedToUser()
com.idevicesinc.sweetblue.BleServer$ConnectionFailListener$Status:
    944:944:boolean wasExplicit()
    967:967:public boolean shouldBeReportedToUser()
com.idevicesinc.sweetblue.BleServer$DefaultConnectionFailListener:
    public static final int DEFAULT_CONNECTION_FAIL_RETRY_COUNT
    public static final int DEFAULT_FAIL_COUNT_BEFORE_USING_AUTOCONNECT
    1143:1143:public int getRetryCount()
com.idevicesinc.sweetblue.BleServer$ExchangeListener$ExchangeEvent:
    public static final int NON_APPLICABLE_REQUEST_ID
    248:248:public boolean isFor(java.lang.String)
    249:249:public boolean isFor(java.util.UUID)
com.idevicesinc.sweetblue.BleServer$ExchangeListener$Type:
    122:122:public boolean isNotificationOrIndication()
    130:130:public boolean isWrite()
com.idevicesinc.sweetblue.BleServer$IncomingListener$Please:
    final int m_offset
    316:323:private BleServer$IncomingListener$Please(com.idevicesinc.sweetblue.utils.FutureData,int,int,com.idevicesinc.sweetblue.BleServer$OutgoingListener)
    326:333:private BleServer$IncomingListener$Please(com.idevicesinc.sweetblue.BleServer$OutgoingListener)
    341:341:public static com.idevicesinc.sweetblue.BleServer$IncomingListener$Please doNotRespond()
    353:353:public static com.idevicesinc.sweetblue.BleServer$IncomingListener$Please doNotRespond(com.idevicesinc.sweetblue.BleServer$OutgoingListener)
    361:361:public static com.idevicesinc.sweetblue.BleServer$IncomingListener$Please respondWithSuccess(com.idevicesinc.sweetblue.utils.FutureData)
    369:369:public static com.idevicesinc.sweetblue.BleServer$IncomingListener$Please respondWithSuccess(com.idevicesinc.sweetblue.utils.FutureData,com.idevicesinc.sweetblue.BleServer$OutgoingListener)
    379:379:public static com.idevicesinc.sweetblue.BleServer$IncomingListener$Please respondWithSuccess(byte[])
    389:389:public static com.idevicesinc.sweetblue.BleServer$IncomingListener$Please respondWithSuccess(byte[],com.idevicesinc.sweetblue.BleServer$OutgoingListener)
    399:399:public static com.idevicesinc.sweetblue.BleServer$IncomingListener$Please respondWithSuccess()
com.idevicesinc.sweetblue.BleServer$OutgoingListener$OutgoingEvent:
    464:464:public byte[] data_sent()
    471:471:public int gattStatus_sent()
    478:478:public int gattStatus_received()
    488:488:public boolean solicited()
    515:518:static com.idevicesinc.sweetblue.BleServer$OutgoingListener$OutgoingEvent EARLY_OUT__NOTIFICATION(com.idevicesinc.sweetblue.BleServer,android.bluetooth.BluetoothDevice,java.util.UUID,java.util.UUID,com.idevicesinc.sweetblue.utils.FutureData,com.idevicesinc.sweetblue.BleServer$OutgoingListener$Status)
    525:525:static com.idevicesinc.sweetblue.BleServer$OutgoingListener$OutgoingEvent NULL__NOTIFICATION(com.idevicesinc.sweetblue.BleServer,android.bluetooth.BluetoothDevice,java.util.UUID,java.util.UUID)
    533:533:public boolean wasSuccess()
com.idevicesinc.sweetblue.BleServer$ServiceAddListener$ServiceAddEvent:
    1281:1281:public java.util.UUID serviceUuid()
    1302:1302:public boolean solicited()
    1319:1319:public boolean wasSuccess()
    1324:1324:static com.idevicesinc.sweetblue.BleServer$ServiceAddListener$ServiceAddEvent NULL(com.idevicesinc.sweetblue.BleServer,android.bluetooth.BluetoothGattService)
    1329:1329:static com.idevicesinc.sweetblue.BleServer$ServiceAddListener$ServiceAddEvent EARLY_OUT(com.idevicesinc.sweetblue.BleServer,android.bluetooth.BluetoothGattService,com.idevicesinc.sweetblue.BleServer$ServiceAddListener$Status)